{"/Users/jeettan/Documents/Dev/JS/React Projects/TweetCloneRedis/api/index.js": {"path":"/Users/jeettan/Documents/Dev/JS/React Projects/TweetCloneRedis/api/index.js","statementMap":{"0":{"start":{"line":1,"column":0},"end":{"line":1,"column":27}},"1":{"start":{"line":3,"column":16},"end":{"line":3,"column":34}},"2":{"start":{"line":4,"column":12},"end":{"line":4,"column":21}},"3":{"start":{"line":5,"column":14},"end":{"line":5,"column":40}},"4":{"start":{"line":7,"column":23},"end":{"line":7,"column":47}},"5":{"start":{"line":9,"column":15},"end":{"line":9,"column":43}},"6":{"start":{"line":10,"column":18},"end":{"line":10,"column":44}},"7":{"start":{"line":12,"column":11},"end":{"line":12,"column":26}},"8":{"start":{"line":13,"column":0},"end":{"line":13,"column":24}},"9":{"start":{"line":14,"column":0},"end":{"line":14,"column":26}},"10":{"start":{"line":16,"column":0},"end":{"line":33,"column":4}},"11":{"start":{"line":36,"column":0},"end":{"line":40,"column":4}},"12":{"start":{"line":43,"column":0},"end":{"line":43,"column":27}},"13":{"start":{"line":45,"column":0},"end":{"line":50,"column":3}},"14":{"start":{"line":46,"column":4},"end":{"line":46,"column":23}},"15":{"start":{"line":47,"column":4},"end":{"line":49,"column":7}},"16":{"start":{"line":52,"column":0},"end":{"line":52,"column":20}}},"fnMap":{"0":{"name":"(anonymous_0)","decl":{"start":{"line":45,"column":8},"end":{"line":45,"column":9}},"loc":{"start":{"line":45,"column":33},"end":{"line":50,"column":1}},"line":45}},"branchMap":{"0":{"loc":{"start":{"line":28,"column":18},"end":{"line":28,"column":72}},"type":"cond-expr","locations":[{"start":{"line":28,"column":58},"end":{"line":28,"column":64}},{"start":{"line":28,"column":67},"end":{"line":28,"column":72}}],"line":28},"1":{"loc":{"start":{"line":48,"column":15},"end":{"line":48,"column":53}},"type":"binary-expr","locations":[{"start":{"line":48,"column":15},"end":{"line":48,"column":26}},{"start":{"line":48,"column":30},"end":{"line":48,"column":53}}],"line":48}},"s":{"0":1,"1":1,"2":1,"3":1,"4":1,"5":1,"6":1,"7":1,"8":1,"9":1,"10":1,"11":1,"12":1,"13":1,"14":0,"15":0,"16":1},"f":{"0":0},"b":{"0":[0,1],"1":[0,0]},"_coverageSchema":"1a1c01bbd47fc00a2c39e90264f33305004495a9","hash":"28cc316c5244b9e42a9e7b9fc9abbd1112b83ba7"}
,"/Users/jeettan/Documents/Dev/JS/React Projects/TweetCloneRedis/api/config/config.js": {"path":"/Users/jeettan/Documents/Dev/JS/React Projects/TweetCloneRedis/api/config/config.js","statementMap":{"0":{"start":{"line":1,"column":15},"end":{"line":1,"column":32}},"1":{"start":{"line":2,"column":13},"end":{"line":2,"column":28}},"2":{"start":{"line":4,"column":0},"end":{"line":6,"column":3}},"3":{"start":{"line":8,"column":12},"end":{"line":8,"column":32}},"4":{"start":{"line":10,"column":0},"end":{"line":12,"column":3}},"5":{"start":{"line":14,"column":0},"end":{"line":14,"column":52}}},"fnMap":{},"branchMap":{},"s":{"0":2,"1":2,"2":2,"3":2,"4":2,"5":2},"f":{},"b":{},"_coverageSchema":"1a1c01bbd47fc00a2c39e90264f33305004495a9","hash":"09ed6834b387c7692c712c2db2c344832c4ec025"}
,"/Users/jeettan/Documents/Dev/JS/React Projects/TweetCloneRedis/api/config/pg.js": {"path":"/Users/jeettan/Documents/Dev/JS/React Projects/TweetCloneRedis/api/config/pg.js","statementMap":{"0":{"start":{"line":1,"column":17},"end":{"line":1,"column":30}},"1":{"start":{"line":2,"column":18},"end":{"line":2,"column":29}},"2":{"start":{"line":4,"column":11},"end":{"line":11,"column":2}},"3":{"start":{"line":13,"column":0},"end":{"line":13,"column":19}}},"fnMap":{},"branchMap":{},"s":{"0":1,"1":1,"2":1,"3":1},"f":{},"b":{},"_coverageSchema":"1a1c01bbd47fc00a2c39e90264f33305004495a9","hash":"4270570b019df27d243d49327311aa8de4b9721d"}
,"/Users/jeettan/Documents/Dev/JS/React Projects/TweetCloneRedis/api/config/redis.js": {"path":"/Users/jeettan/Documents/Dev/JS/React Projects/TweetCloneRedis/api/config/redis.js","statementMap":{"0":{"start":{"line":1,"column":14},"end":{"line":1,"column":30}},"1":{"start":{"line":3,"column":21},"end":{"line":3,"column":32}},"2":{"start":{"line":5,"column":15},"end":{"line":7,"column":2}},"3":{"start":{"line":9,"column":0},"end":{"line":9,"column":23}}},"fnMap":{},"branchMap":{},"s":{"0":1,"1":1,"2":1,"3":1},"f":{},"b":{},"_coverageSchema":"1a1c01bbd47fc00a2c39e90264f33305004495a9","hash":"b56c6e34ddb1217cb0aaa2f556f9444e5420fcc4"}
,"/Users/jeettan/Documents/Dev/JS/React Projects/TweetCloneRedis/api/routes/api.js": {"path":"/Users/jeettan/Documents/Dev/JS/React Projects/TweetCloneRedis/api/routes/api.js","statementMap":{"0":{"start":{"line":2,"column":16},"end":{"line":2,"column":34}},"1":{"start":{"line":3,"column":15},"end":{"line":3,"column":31}},"2":{"start":{"line":4,"column":11},"end":{"line":4,"column":37}},"3":{"start":{"line":5,"column":15},"end":{"line":5,"column":44}},"4":{"start":{"line":6,"column":14},"end":{"line":7,"column":64}},"5":{"start":{"line":7,"column":4},"end":{"line":7,"column":64}},"6":{"start":{"line":7,"column":49},"end":{"line":7,"column":63}},"7":{"start":{"line":9,"column":21},"end":{"line":13,"column":1}},"8":{"start":{"line":10,"column":4},"end":{"line":12,"column":6}},"9":{"start":{"line":11,"column":8},"end":{"line":11,"column":56}},"10":{"start":{"line":17,"column":4},"end":{"line":17,"column":129}},"11":{"start":{"line":20,"column":0},"end":{"line":22,"column":3}},"12":{"start":{"line":21,"column":4},"end":{"line":21,"column":42}},"13":{"start":{"line":24,"column":0},"end":{"line":44,"column":3}},"14":{"start":{"line":26,"column":51},"end":{"line":26,"column":59}},"15":{"start":{"line":28,"column":4},"end":{"line":28,"column":37}},"16":{"start":{"line":30,"column":12},"end":{"line":30,"column":80}},"17":{"start":{"line":31,"column":4},"end":{"line":31,"column":14}},"18":{"start":{"line":33,"column":4},"end":{"line":41,"column":5}},"19":{"start":{"line":35,"column":8},"end":{"line":35,"column":63}},"20":{"start":{"line":36,"column":8},"end":{"line":36,"column":61}},"21":{"start":{"line":40,"column":8},"end":{"line":40,"column":66}},"22":{"start":{"line":46,"column":0},"end":{"line":66,"column":3}},"23":{"start":{"line":48,"column":30},"end":{"line":48,"column":38}},"24":{"start":{"line":50,"column":4},"end":{"line":50,"column":36}},"25":{"start":{"line":52,"column":4},"end":{"line":52,"column":104}},"26":{"start":{"line":52,"column":27},"end":{"line":52,"column":104}},"27":{"start":{"line":54,"column":12},"end":{"line":54,"column":115}},"28":{"start":{"line":55,"column":4},"end":{"line":55,"column":14}},"29":{"start":{"line":57,"column":4},"end":{"line":64,"column":5}},"30":{"start":{"line":59,"column":8},"end":{"line":59,"column":68}},"31":{"start":{"line":60,"column":8},"end":{"line":60,"column":74}},"32":{"start":{"line":61,"column":8},"end":{"line":61,"column":46}},"33":{"start":{"line":63,"column":8},"end":{"line":63,"column":62}},"34":{"start":{"line":69,"column":0},"end":{"line":86,"column":3}},"35":{"start":{"line":71,"column":4},"end":{"line":73,"column":5}},"36":{"start":{"line":72,"column":8},"end":{"line":72,"column":57}},"37":{"start":{"line":75,"column":18},"end":{"line":75,"column":59}},"38":{"start":{"line":77,"column":4},"end":{"line":79,"column":5}},"39":{"start":{"line":78,"column":8},"end":{"line":78,"column":57}},"40":{"start":{"line":81,"column":15},"end":{"line":81,"column":32}},"41":{"start":{"line":82,"column":4},"end":{"line":82,"column":20}},"42":{"start":{"line":84,"column":4},"end":{"line":84,"column":44}},"43":{"start":{"line":88,"column":0},"end":{"line":98,"column":3}},"44":{"start":{"line":90,"column":4},"end":{"line":97,"column":7}},"45":{"start":{"line":91,"column":8},"end":{"line":96,"column":9}},"46":{"start":{"line":92,"column":12},"end":{"line":92,"column":60}},"47":{"start":{"line":93,"column":12},"end":{"line":93,"column":49}},"48":{"start":{"line":95,"column":12},"end":{"line":95,"column":42}},"49":{"start":{"line":102,"column":4},"end":{"line":102,"column":35}},"50":{"start":{"line":104,"column":4},"end":{"line":104,"column":38}},"51":{"start":{"line":105,"column":17},"end":{"line":105,"column":45}},"52":{"start":{"line":107,"column":4},"end":{"line":110,"column":5}},"53":{"start":{"line":109,"column":8},"end":{"line":109,"column":30}},"54":{"start":{"line":112,"column":12},"end":{"line":122,"column":51}},"55":{"start":{"line":124,"column":4},"end":{"line":124,"column":14}},"56":{"start":{"line":126,"column":4},"end":{"line":131,"column":5}},"57":{"start":{"line":128,"column":8},"end":{"line":128,"column":67}},"58":{"start":{"line":129,"column":8},"end":{"line":129,"column":63}},"59":{"start":{"line":133,"column":4},"end":{"line":133,"column":52}},"60":{"start":{"line":136,"column":0},"end":{"line":140,"column":3}},"61":{"start":{"line":138,"column":4},"end":{"line":138,"column":17}},"62":{"start":{"line":139,"column":4},"end":{"line":139,"column":37}},"63":{"start":{"line":142,"column":0},"end":{"line":170,"column":3}},"64":{"start":{"line":144,"column":4},"end":{"line":146,"column":5}},"65":{"start":{"line":145,"column":8},"end":{"line":145,"column":66}},"66":{"start":{"line":148,"column":14},"end":{"line":148,"column":52}},"67":{"start":{"line":150,"column":4},"end":{"line":150,"column":29}},"68":{"start":{"line":150,"column":23},"end":{"line":150,"column":28}},"69":{"start":{"line":152,"column":4},"end":{"line":155,"column":5}},"70":{"start":{"line":153,"column":8},"end":{"line":153,"column":27}},"71":{"start":{"line":154,"column":8},"end":{"line":154,"column":53}},"72":{"start":{"line":158,"column":17},"end":{"line":158,"column":19}},"73":{"start":{"line":160,"column":4},"end":{"line":168,"column":5}},"74":{"start":{"line":162,"column":26},"end":{"line":162,"column":61}},"75":{"start":{"line":164,"column":8},"end":{"line":167,"column":9}},"76":{"start":{"line":165,"column":12},"end":{"line":165,"column":41}},"77":{"start":{"line":166,"column":12},"end":{"line":166,"column":30}},"78":{"start":{"line":169,"column":4},"end":{"line":169,"column":20}},"79":{"start":{"line":174,"column":13},"end":{"line":174,"column":23}},"80":{"start":{"line":176,"column":12},"end":{"line":177,"column":56}},"81":{"start":{"line":179,"column":4},"end":{"line":179,"column":14}},"82":{"start":{"line":181,"column":19},"end":{"line":181,"column":21}},"83":{"start":{"line":183,"column":4},"end":{"line":187,"column":5}},"84":{"start":{"line":185,"column":8},"end":{"line":185,"column":35}},"85":{"start":{"line":189,"column":4},"end":{"line":189,"column":66}},"86":{"start":{"line":193,"column":0},"end":{"line":207,"column":3}},"87":{"start":{"line":195,"column":16},"end":{"line":195,"column":69}},"88":{"start":{"line":197,"column":4},"end":{"line":202,"column":5}},"89":{"start":{"line":199,"column":8},"end":{"line":199,"column":51}},"90":{"start":{"line":200,"column":8},"end":{"line":200,"column":70}},"91":{"start":{"line":204,"column":21},"end":{"line":204,"column":38}},"92":{"start":{"line":205,"column":4},"end":{"line":205,"column":36}},"93":{"start":{"line":209,"column":0},"end":{"line":246,"column":3}},"94":{"start":{"line":211,"column":4},"end":{"line":213,"column":5}},"95":{"start":{"line":212,"column":8},"end":{"line":212,"column":66}},"96":{"start":{"line":215,"column":48},"end":{"line":215,"column":56}},"97":{"start":{"line":217,"column":4},"end":{"line":223,"column":5}},"98":{"start":{"line":219,"column":8},"end":{"line":222,"column":10}},"99":{"start":{"line":225,"column":4},"end":{"line":230,"column":5}},"100":{"start":{"line":227,"column":8},"end":{"line":229,"column":10}},"101":{"start":{"line":232,"column":4},"end":{"line":235,"column":5}},"102":{"start":{"line":234,"column":8},"end":{"line":234,"column":27}},"103":{"start":{"line":237,"column":18},"end":{"line":237,"column":56}},"104":{"start":{"line":239,"column":12},"end":{"line":240,"column":76}},"105":{"start":{"line":242,"column":4},"end":{"line":242,"column":23}},"106":{"start":{"line":244,"column":4},"end":{"line":244,"column":41}},"107":{"start":{"line":248,"column":0},"end":{"line":254,"column":3}},"108":{"start":{"line":250,"column":12},"end":{"line":250,"column":181}},"109":{"start":{"line":252,"column":4},"end":{"line":252,"column":15}},"110":{"start":{"line":256,"column":0},"end":{"line":272,"column":3}},"111":{"start":{"line":258,"column":50},"end":{"line":258,"column":58}},"112":{"start":{"line":260,"column":4},"end":{"line":262,"column":5}},"113":{"start":{"line":261,"column":8},"end":{"line":261,"column":52}},"114":{"start":{"line":264,"column":4},"end":{"line":266,"column":5}},"115":{"start":{"line":265,"column":8},"end":{"line":265,"column":52}},"116":{"start":{"line":268,"column":4},"end":{"line":268,"column":127}},"117":{"start":{"line":270,"column":4},"end":{"line":270,"column":44}},"118":{"start":{"line":274,"column":0},"end":{"line":289,"column":3}},"119":{"start":{"line":276,"column":34},"end":{"line":276,"column":42}},"120":{"start":{"line":278,"column":15},"end":{"line":278,"column":75}},"121":{"start":{"line":280,"column":4},"end":{"line":283,"column":5}},"122":{"start":{"line":282,"column":8},"end":{"line":282,"column":40}},"123":{"start":{"line":285,"column":12},"end":{"line":285,"column":157}},"124":{"start":{"line":287,"column":4},"end":{"line":287,"column":35}},"125":{"start":{"line":291,"column":0},"end":{"line":298,"column":3}},"126":{"start":{"line":293,"column":19},"end":{"line":293,"column":44}},"127":{"start":{"line":295,"column":12},"end":{"line":295,"column":78}},"128":{"start":{"line":296,"column":4},"end":{"line":296,"column":20}},"129":{"start":{"line":300,"column":0},"end":{"line":334,"column":3}},"130":{"start":{"line":302,"column":33},"end":{"line":302,"column":41}},"131":{"start":{"line":304,"column":4},"end":{"line":304,"column":84}},"132":{"start":{"line":305,"column":4},"end":{"line":305,"column":94}},"133":{"start":{"line":307,"column":16},"end":{"line":309,"column":5}},"134":{"start":{"line":311,"column":4},"end":{"line":311,"column":24}},"135":{"start":{"line":313,"column":4},"end":{"line":316,"column":6}},"136":{"start":{"line":318,"column":22},"end":{"line":318,"column":58}},"137":{"start":{"line":320,"column":4},"end":{"line":329,"column":5}},"138":{"start":{"line":321,"column":22},"end":{"line":321,"column":43}},"139":{"start":{"line":323,"column":8},"end":{"line":323,"column":25}},"140":{"start":{"line":325,"column":8},"end":{"line":328,"column":10}},"141":{"start":{"line":331,"column":4},"end":{"line":331,"column":38}},"142":{"start":{"line":332,"column":4},"end":{"line":332,"column":35}},"143":{"start":{"line":336,"column":0},"end":{"line":371,"column":3}},"144":{"start":{"line":338,"column":18},"end":{"line":338,"column":34}},"145":{"start":{"line":339,"column":18},"end":{"line":339,"column":34}},"146":{"start":{"line":341,"column":4},"end":{"line":341,"column":84}},"147":{"start":{"line":342,"column":4},"end":{"line":342,"column":96}},"148":{"start":{"line":344,"column":16},"end":{"line":346,"column":5}},"149":{"start":{"line":348,"column":4},"end":{"line":348,"column":47}},"150":{"start":{"line":348,"column":31},"end":{"line":348,"column":45}},"151":{"start":{"line":350,"column":4},"end":{"line":353,"column":6}},"152":{"start":{"line":355,"column":22},"end":{"line":355,"column":58}},"153":{"start":{"line":357,"column":4},"end":{"line":366,"column":5}},"154":{"start":{"line":358,"column":22},"end":{"line":358,"column":43}},"155":{"start":{"line":360,"column":8},"end":{"line":360,"column":25}},"156":{"start":{"line":362,"column":8},"end":{"line":365,"column":10}},"157":{"start":{"line":368,"column":4},"end":{"line":368,"column":42}},"158":{"start":{"line":369,"column":4},"end":{"line":369,"column":39}},"159":{"start":{"line":373,"column":0},"end":{"line":388,"column":3}},"160":{"start":{"line":375,"column":18},"end":{"line":384,"column":29}},"161":{"start":{"line":386,"column":4},"end":{"line":386,"column":24}},"162":{"start":{"line":390,"column":0},"end":{"line":390,"column":23}},"163":{"start":{"line":391,"column":0},"end":{"line":391,"column":40}}},"fnMap":{"0":{"name":"(anonymous_0)","decl":{"start":{"line":6,"column":14},"end":{"line":6,"column":15}},"loc":{"start":{"line":7,"column":4},"end":{"line":7,"column":64}},"line":7},"1":{"name":"(anonymous_1)","decl":{"start":{"line":7,"column":25},"end":{"line":7,"column":26}},"loc":{"start":{"line":7,"column":49},"end":{"line":7,"column":63}},"line":7},"2":{"name":"(anonymous_2)","decl":{"start":{"line":9,"column":21},"end":{"line":9,"column":22}},"loc":{"start":{"line":9,"column":29},"end":{"line":13,"column":1}},"line":9},"3":{"name":"(anonymous_3)","decl":{"start":{"line":10,"column":11},"end":{"line":10,"column":12}},"loc":{"start":{"line":10,"column":31},"end":{"line":12,"column":5}},"line":10},"4":{"name":"registerUser","decl":{"start":{"line":15,"column":15},"end":{"line":15,"column":27}},"loc":{"start":{"line":15,"column":47},"end":{"line":18,"column":1}},"line":15},"5":{"name":"(anonymous_5)","decl":{"start":{"line":20,"column":16},"end":{"line":20,"column":17}},"loc":{"start":{"line":20,"column":30},"end":{"line":22,"column":1}},"line":20},"6":{"name":"(anonymous_6)","decl":{"start":{"line":24,"column":38},"end":{"line":24,"column":39}},"loc":{"start":{"line":24,"column":58},"end":{"line":44,"column":1}},"line":24},"7":{"name":"(anonymous_7)","decl":{"start":{"line":46,"column":35},"end":{"line":46,"column":36}},"loc":{"start":{"line":46,"column":55},"end":{"line":66,"column":1}},"line":46},"8":{"name":"(anonymous_8)","decl":{"start":{"line":69,"column":36},"end":{"line":69,"column":37}},"loc":{"start":{"line":69,"column":56},"end":{"line":86,"column":1}},"line":69},"9":{"name":"(anonymous_9)","decl":{"start":{"line":88,"column":22},"end":{"line":88,"column":23}},"loc":{"start":{"line":88,"column":36},"end":{"line":98,"column":1}},"line":88},"10":{"name":"(anonymous_10)","decl":{"start":{"line":90,"column":24},"end":{"line":90,"column":25}},"loc":{"start":{"line":90,"column":33},"end":{"line":97,"column":5}},"line":90},"11":{"name":"updateRedis","decl":{"start":{"line":100,"column":15},"end":{"line":100,"column":26}},"loc":{"start":{"line":100,"column":29},"end":{"line":134,"column":1}},"line":100},"12":{"name":"(anonymous_12)","decl":{"start":{"line":136,"column":41},"end":{"line":136,"column":42}},"loc":{"start":{"line":136,"column":61},"end":{"line":140,"column":1}},"line":136},"13":{"name":"(anonymous_13)","decl":{"start":{"line":142,"column":50},"end":{"line":142,"column":51}},"loc":{"start":{"line":142,"column":70},"end":{"line":170,"column":1}},"line":142},"14":{"name":"(anonymous_14)","decl":{"start":{"line":150,"column":13},"end":{"line":150,"column":14}},"loc":{"start":{"line":150,"column":23},"end":{"line":150,"column":28}},"line":150},"15":{"name":"updateLikesRedis","decl":{"start":{"line":172,"column":15},"end":{"line":172,"column":31}},"loc":{"start":{"line":172,"column":36},"end":{"line":191,"column":1}},"line":172},"16":{"name":"(anonymous_16)","decl":{"start":{"line":193,"column":49},"end":{"line":193,"column":50}},"loc":{"start":{"line":193,"column":69},"end":{"line":207,"column":1}},"line":193},"17":{"name":"(anonymous_17)","decl":{"start":{"line":209,"column":40},"end":{"line":209,"column":41}},"loc":{"start":{"line":209,"column":60},"end":{"line":246,"column":1}},"line":209},"18":{"name":"(anonymous_18)","decl":{"start":{"line":248,"column":37},"end":{"line":248,"column":38}},"loc":{"start":{"line":248,"column":57},"end":{"line":254,"column":1}},"line":248},"19":{"name":"(anonymous_19)","decl":{"start":{"line":256,"column":38},"end":{"line":256,"column":39}},"loc":{"start":{"line":256,"column":58},"end":{"line":272,"column":1}},"line":256},"20":{"name":"(anonymous_20)","decl":{"start":{"line":274,"column":35},"end":{"line":274,"column":36}},"loc":{"start":{"line":274,"column":55},"end":{"line":289,"column":1}},"line":274},"21":{"name":"(anonymous_21)","decl":{"start":{"line":291,"column":34},"end":{"line":291,"column":35}},"loc":{"start":{"line":291,"column":54},"end":{"line":298,"column":1}},"line":291},"22":{"name":"(anonymous_22)","decl":{"start":{"line":300,"column":35},"end":{"line":300,"column":36}},"loc":{"start":{"line":300,"column":55},"end":{"line":334,"column":1}},"line":300},"23":{"name":"(anonymous_23)","decl":{"start":{"line":336,"column":37},"end":{"line":336,"column":38}},"loc":{"start":{"line":336,"column":57},"end":{"line":371,"column":1}},"line":336},"24":{"name":"(anonymous_24)","decl":{"start":{"line":348,"column":25},"end":{"line":348,"column":26}},"loc":{"start":{"line":348,"column":31},"end":{"line":348,"column":45}},"line":348},"25":{"name":"(anonymous_25)","decl":{"start":{"line":373,"column":45},"end":{"line":373,"column":46}},"loc":{"start":{"line":373,"column":65},"end":{"line":388,"column":1}},"line":373}},"branchMap":{"0":{"loc":{"start":{"line":33,"column":4},"end":{"line":41,"column":5}},"type":"if","locations":[{"start":{"line":33,"column":4},"end":{"line":41,"column":5}},{"start":{"line":38,"column":11},"end":{"line":41,"column":5}}],"line":33},"1":{"loc":{"start":{"line":52,"column":4},"end":{"line":52,"column":104}},"type":"if","locations":[{"start":{"line":52,"column":4},"end":{"line":52,"column":104}},{"start":{},"end":{}}],"line":52},"2":{"loc":{"start":{"line":52,"column":8},"end":{"line":52,"column":25}},"type":"binary-expr","locations":[{"start":{"line":52,"column":8},"end":{"line":52,"column":17}},{"start":{"line":52,"column":21},"end":{"line":52,"column":25}}],"line":52},"3":{"loc":{"start":{"line":57,"column":4},"end":{"line":64,"column":5}},"type":"if","locations":[{"start":{"line":57,"column":4},"end":{"line":64,"column":5}},{"start":{"line":62,"column":11},"end":{"line":64,"column":5}}],"line":57},"4":{"loc":{"start":{"line":71,"column":4},"end":{"line":73,"column":5}},"type":"if","locations":[{"start":{"line":71,"column":4},"end":{"line":73,"column":5}},{"start":{},"end":{}}],"line":71},"5":{"loc":{"start":{"line":77,"column":4},"end":{"line":79,"column":5}},"type":"if","locations":[{"start":{"line":77,"column":4},"end":{"line":79,"column":5}},{"start":{},"end":{}}],"line":77},"6":{"loc":{"start":{"line":91,"column":8},"end":{"line":96,"column":9}},"type":"if","locations":[{"start":{"line":91,"column":8},"end":{"line":96,"column":9}},{"start":{"line":94,"column":15},"end":{"line":96,"column":9}}],"line":91},"7":{"loc":{"start":{"line":107,"column":4},"end":{"line":110,"column":5}},"type":"if","locations":[{"start":{"line":107,"column":4},"end":{"line":110,"column":5}},{"start":{},"end":{}}],"line":107},"8":{"loc":{"start":{"line":144,"column":4},"end":{"line":146,"column":5}},"type":"if","locations":[{"start":{"line":144,"column":4},"end":{"line":146,"column":5}},{"start":{},"end":{}}],"line":144},"9":{"loc":{"start":{"line":152,"column":4},"end":{"line":155,"column":5}},"type":"if","locations":[{"start":{"line":152,"column":4},"end":{"line":155,"column":5}},{"start":{},"end":{}}],"line":152},"10":{"loc":{"start":{"line":152,"column":8},"end":{"line":152,"column":32}},"type":"binary-expr","locations":[{"start":{"line":152,"column":8},"end":{"line":152,"column":12}},{"start":{"line":152,"column":16},"end":{"line":152,"column":32}}],"line":152},"11":{"loc":{"start":{"line":164,"column":8},"end":{"line":167,"column":9}},"type":"if","locations":[{"start":{"line":164,"column":8},"end":{"line":167,"column":9}},{"start":{},"end":{}}],"line":164},"12":{"loc":{"start":{"line":197,"column":4},"end":{"line":202,"column":5}},"type":"if","locations":[{"start":{"line":197,"column":4},"end":{"line":202,"column":5}},{"start":{},"end":{}}],"line":197},"13":{"loc":{"start":{"line":197,"column":8},"end":{"line":197,"column":36}},"type":"binary-expr","locations":[{"start":{"line":197,"column":8},"end":{"line":197,"column":14}},{"start":{"line":197,"column":18},"end":{"line":197,"column":36}}],"line":197},"14":{"loc":{"start":{"line":211,"column":4},"end":{"line":213,"column":5}},"type":"if","locations":[{"start":{"line":211,"column":4},"end":{"line":213,"column":5}},{"start":{},"end":{}}],"line":211},"15":{"loc":{"start":{"line":217,"column":4},"end":{"line":223,"column":5}},"type":"if","locations":[{"start":{"line":217,"column":4},"end":{"line":223,"column":5}},{"start":{},"end":{}}],"line":217},"16":{"loc":{"start":{"line":217,"column":8},"end":{"line":217,"column":23}},"type":"binary-expr","locations":[{"start":{"line":217,"column":8},"end":{"line":217,"column":14}},{"start":{"line":217,"column":18},"end":{"line":217,"column":23}}],"line":217},"17":{"loc":{"start":{"line":225,"column":4},"end":{"line":230,"column":5}},"type":"if","locations":[{"start":{"line":225,"column":4},"end":{"line":230,"column":5}},{"start":{},"end":{}}],"line":225},"18":{"loc":{"start":{"line":232,"column":4},"end":{"line":235,"column":5}},"type":"if","locations":[{"start":{"line":232,"column":4},"end":{"line":235,"column":5}},{"start":{},"end":{}}],"line":232},"19":{"loc":{"start":{"line":260,"column":4},"end":{"line":262,"column":5}},"type":"if","locations":[{"start":{"line":260,"column":4},"end":{"line":262,"column":5}},{"start":{},"end":{}}],"line":260},"20":{"loc":{"start":{"line":264,"column":4},"end":{"line":266,"column":5}},"type":"if","locations":[{"start":{"line":264,"column":4},"end":{"line":266,"column":5}},{"start":{},"end":{}}],"line":264},"21":{"loc":{"start":{"line":280,"column":4},"end":{"line":283,"column":5}},"type":"if","locations":[{"start":{"line":280,"column":4},"end":{"line":283,"column":5}},{"start":{},"end":{}}],"line":280},"22":{"loc":{"start":{"line":320,"column":4},"end":{"line":329,"column":5}},"type":"if","locations":[{"start":{"line":320,"column":4},"end":{"line":329,"column":5}},{"start":{},"end":{}}],"line":320},"23":{"loc":{"start":{"line":357,"column":4},"end":{"line":366,"column":5}},"type":"if","locations":[{"start":{"line":357,"column":4},"end":{"line":366,"column":5}},{"start":{},"end":{}}],"line":357}},"s":{"0":1,"1":1,"2":1,"3":1,"4":1,"5":0,"6":0,"7":1,"8":14,"9":24,"10":8,"11":1,"12":0,"13":1,"14":8,"15":8,"16":8,"17":8,"18":8,"19":8,"20":8,"21":0,"22":1,"23":8,"24":8,"25":8,"26":0,"27":8,"28":8,"29":8,"30":8,"31":8,"32":8,"33":0,"34":1,"35":1,"36":0,"37":1,"38":1,"39":0,"40":1,"41":1,"42":1,"43":1,"44":1,"45":1,"46":0,"47":0,"48":1,"49":7,"50":7,"51":7,"52":7,"53":0,"54":7,"55":7,"56":7,"57":14,"58":14,"59":7,"60":1,"61":0,"62":0,"63":1,"64":2,"65":1,"66":1,"67":1,"68":0,"69":1,"70":1,"71":1,"72":1,"73":1,"74":1,"75":1,"76":1,"77":1,"78":1,"79":0,"80":0,"81":0,"82":0,"83":0,"84":0,"85":0,"86":1,"87":0,"88":0,"89":0,"90":0,"91":0,"92":0,"93":1,"94":5,"95":1,"96":4,"97":4,"98":1,"99":3,"100":1,"101":2,"102":2,"103":2,"104":2,"105":2,"106":2,"107":1,"108":0,"109":0,"110":1,"111":0,"112":0,"113":0,"114":0,"115":0,"116":0,"117":0,"118":1,"119":0,"120":0,"121":0,"122":0,"123":0,"124":0,"125":1,"126":0,"127":0,"128":0,"129":1,"130":0,"131":0,"132":0,"133":0,"134":0,"135":0,"136":0,"137":0,"138":0,"139":0,"140":0,"141":0,"142":0,"143":1,"144":0,"145":0,"146":0,"147":0,"148":0,"149":0,"150":0,"151":0,"152":0,"153":0,"154":0,"155":0,"156":0,"157":0,"158":0,"159":1,"160":0,"161":0,"162":1,"163":1},"f":{"0":0,"1":0,"2":14,"3":24,"4":8,"5":0,"6":8,"7":8,"8":1,"9":1,"10":1,"11":7,"12":0,"13":2,"14":0,"15":0,"16":0,"17":5,"18":0,"19":0,"20":0,"21":0,"22":0,"23":0,"24":0,"25":0},"b":{"0":[8,0],"1":[0,8],"2":[8,8],"3":[8,0],"4":[0,1],"5":[0,1],"6":[0,1],"7":[0,7],"8":[1,1],"9":[1,0],"10":[1,1],"11":[1,0],"12":[0,0],"13":[0,0],"14":[1,4],"15":[1,3],"16":[4,4],"17":[1,2],"18":[2,0],"19":[0,0],"20":[0,0],"21":[0,0],"22":[0,0],"23":[0,0]},"_coverageSchema":"1a1c01bbd47fc00a2c39e90264f33305004495a9","hash":"fb7cd4f50d7479f22961fe53baa94d075e2d9c49"}
,"/Users/jeettan/Documents/Dev/JS/React Projects/TweetCloneRedis/api/startup/redisStartup.js": {"path":"/Users/jeettan/Documents/Dev/JS/React Projects/TweetCloneRedis/api/startup/redisStartup.js","statementMap":{"0":{"start":{"line":1,"column":15},"end":{"line":1,"column":44}},"1":{"start":{"line":5,"column":4},"end":{"line":5,"column":70}},"2":{"start":{"line":5,"column":30},"end":{"line":5,"column":68}},"3":{"start":{"line":7,"column":4},"end":{"line":7,"column":27}},"4":{"start":{"line":8,"column":4},"end":{"line":8,"column":45}},"5":{"start":{"line":9,"column":19},"end":{"line":9,"column":43}},"6":{"start":{"line":10,"column":4},"end":{"line":10,"column":23}},"7":{"start":{"line":13,"column":0},"end":{"line":13,"column":31}}},"fnMap":{"0":{"name":"connectToRedis","decl":{"start":{"line":3,"column":15},"end":{"line":3,"column":29}},"loc":{"start":{"line":3,"column":32},"end":{"line":11,"column":1}},"line":3},"1":{"name":"(anonymous_1)","decl":{"start":{"line":5,"column":23},"end":{"line":5,"column":24}},"loc":{"start":{"line":5,"column":30},"end":{"line":5,"column":68}},"line":5}},"branchMap":{},"s":{"0":1,"1":1,"2":0,"3":1,"4":1,"5":1,"6":1,"7":1},"f":{"0":1,"1":0},"b":{},"_coverageSchema":"1a1c01bbd47fc00a2c39e90264f33305004495a9","hash":"61a86355943e39151894da7e73d441f12f79432f"}
}
