TN:
SF:index.js
FN:45,(anonymous_0)
FNF:1
FNH:0
FNDA:0,(anonymous_0)
DA:1,1
DA:3,1
DA:4,1
DA:5,1
DA:7,1
DA:9,1
DA:10,1
DA:12,1
DA:13,1
DA:14,1
DA:16,1
DA:36,1
DA:43,1
DA:45,1
DA:46,0
DA:47,0
DA:52,1
LF:17
LH:15
BRDA:28,0,0,0
BRDA:28,0,1,1
BRDA:48,1,0,0
BRDA:48,1,1,0
BRF:4
BRH:1
end_of_record
TN:
SF:config/config.js
FNF:0
FNH:0
DA:1,2
DA:2,2
DA:4,2
DA:8,2
DA:10,2
DA:14,2
LF:6
LH:6
BRF:0
BRH:0
end_of_record
TN:
SF:config/pg.js
FNF:0
FNH:0
DA:1,1
DA:2,1
DA:4,1
DA:13,1
LF:4
LH:4
BRF:0
BRH:0
end_of_record
TN:
SF:config/redis.js
FNF:0
FNH:0
DA:1,1
DA:3,1
DA:5,1
DA:9,1
LF:4
LH:4
BRF:0
BRH:0
end_of_record
TN:
SF:routes/api.js
FN:6,(anonymous_0)
FN:7,(anonymous_1)
FN:9,(anonymous_2)
FN:10,(anonymous_3)
FN:15,registerUser
FN:20,(anonymous_5)
FN:24,(anonymous_6)
FN:46,(anonymous_7)
FN:69,(anonymous_8)
FN:88,(anonymous_9)
FN:90,(anonymous_10)
FN:100,updateRedis
FN:136,(anonymous_12)
FN:142,(anonymous_13)
FN:150,(anonymous_14)
FN:172,updateLikesRedis
FN:193,(anonymous_16)
FN:209,(anonymous_17)
FN:248,(anonymous_18)
FN:256,(anonymous_19)
FN:274,(anonymous_20)
FN:291,(anonymous_21)
FN:300,(anonymous_22)
FN:336,(anonymous_23)
FN:348,(anonymous_24)
FN:373,(anonymous_25)
FNF:26
FNH:11
FNDA:0,(anonymous_0)
FNDA:0,(anonymous_1)
FNDA:14,(anonymous_2)
FNDA:24,(anonymous_3)
FNDA:8,registerUser
FNDA:0,(anonymous_5)
FNDA:8,(anonymous_6)
FNDA:8,(anonymous_7)
FNDA:1,(anonymous_8)
FNDA:1,(anonymous_9)
FNDA:1,(anonymous_10)
FNDA:7,updateRedis
FNDA:0,(anonymous_12)
FNDA:2,(anonymous_13)
FNDA:0,(anonymous_14)
FNDA:0,updateLikesRedis
FNDA:0,(anonymous_16)
FNDA:5,(anonymous_17)
FNDA:0,(anonymous_18)
FNDA:0,(anonymous_19)
FNDA:0,(anonymous_20)
FNDA:0,(anonymous_21)
FNDA:0,(anonymous_22)
FNDA:0,(anonymous_23)
FNDA:0,(anonymous_24)
FNDA:0,(anonymous_25)
DA:2,1
DA:3,1
DA:4,1
DA:5,1
DA:6,1
DA:7,0
DA:9,1
DA:10,14
DA:11,24
DA:17,8
DA:20,1
DA:21,0
DA:24,1
DA:26,8
DA:28,8
DA:30,8
DA:31,8
DA:33,8
DA:35,8
DA:36,8
DA:40,0
DA:46,1
DA:48,8
DA:50,8
DA:52,8
DA:54,8
DA:55,8
DA:57,8
DA:59,8
DA:60,8
DA:61,8
DA:63,0
DA:69,1
DA:71,1
DA:72,0
DA:75,1
DA:77,1
DA:78,0
DA:81,1
DA:82,1
DA:84,1
DA:88,1
DA:90,1
DA:91,1
DA:92,0
DA:93,0
DA:95,1
DA:102,7
DA:104,7
DA:105,7
DA:107,7
DA:109,0
DA:112,7
DA:124,7
DA:126,7
DA:128,14
DA:129,14
DA:133,7
DA:136,1
DA:138,0
DA:139,0
DA:142,1
DA:144,2
DA:145,1
DA:148,1
DA:150,1
DA:152,1
DA:153,1
DA:154,1
DA:158,1
DA:160,1
DA:162,1
DA:164,1
DA:165,1
DA:166,1
DA:169,1
DA:174,0
DA:176,0
DA:179,0
DA:181,0
DA:183,0
DA:185,0
DA:189,0
DA:193,1
DA:195,0
DA:197,0
DA:199,0
DA:200,0
DA:204,0
DA:205,0
DA:209,1
DA:211,5
DA:212,1
DA:215,4
DA:217,4
DA:219,1
DA:225,3
DA:227,1
DA:232,2
DA:234,2
DA:237,2
DA:239,2
DA:242,2
DA:244,2
DA:248,1
DA:250,0
DA:252,0
DA:256,1
DA:258,0
DA:260,0
DA:261,0
DA:264,0
DA:265,0
DA:268,0
DA:270,0
DA:274,1
DA:276,0
DA:278,0
DA:280,0
DA:282,0
DA:285,0
DA:287,0
DA:291,1
DA:293,0
DA:295,0
DA:296,0
DA:300,1
DA:302,0
DA:304,0
DA:305,0
DA:307,0
DA:311,0
DA:313,0
DA:318,0
DA:320,0
DA:321,0
DA:323,0
DA:325,0
DA:331,0
DA:332,0
DA:336,1
DA:338,0
DA:339,0
DA:341,0
DA:342,0
DA:344,0
DA:348,0
DA:350,0
DA:355,0
DA:357,0
DA:358,0
DA:360,0
DA:362,0
DA:368,0
DA:369,0
DA:373,1
DA:375,0
DA:386,0
DA:390,1
DA:391,1
LF:160
LH:89
BRDA:33,0,0,8
BRDA:33,0,1,0
BRDA:52,1,0,0
BRDA:52,1,1,8
BRDA:52,2,0,8
BRDA:52,2,1,8
BRDA:57,3,0,8
BRDA:57,3,1,0
BRDA:71,4,0,0
BRDA:71,4,1,1
BRDA:77,5,0,0
BRDA:77,5,1,1
BRDA:91,6,0,0
BRDA:91,6,1,1
BRDA:107,7,0,0
BRDA:107,7,1,7
BRDA:144,8,0,1
BRDA:144,8,1,1
BRDA:152,9,0,1
BRDA:152,9,1,0
BRDA:152,10,0,1
BRDA:152,10,1,1
BRDA:164,11,0,1
BRDA:164,11,1,0
BRDA:197,12,0,0
BRDA:197,12,1,0
BRDA:197,13,0,0
BRDA:197,13,1,0
BRDA:211,14,0,1
BRDA:211,14,1,4
BRDA:217,15,0,1
BRDA:217,15,1,3
BRDA:217,16,0,4
BRDA:217,16,1,4
BRDA:225,17,0,1
BRDA:225,17,1,2
BRDA:232,18,0,2
BRDA:232,18,1,0
BRDA:260,19,0,0
BRDA:260,19,1,0
BRDA:264,20,0,0
BRDA:264,20,1,0
BRDA:280,21,0,0
BRDA:280,21,1,0
BRDA:320,22,0,0
BRDA:320,22,1,0
BRDA:357,23,0,0
BRDA:357,23,1,0
BRF:48
BRH:24
end_of_record
TN:
SF:startup/redisStartup.js
FN:3,connectToRedis
FN:5,(anonymous_1)
FNF:2
FNH:1
FNDA:1,connectToRedis
FNDA:0,(anonymous_1)
DA:1,1
DA:5,1
DA:7,1
DA:8,1
DA:9,1
DA:10,1
DA:13,1
LF:7
LH:7
BRF:0
BRH:0
end_of_record
